<?xml version="1.0" encoding="UTF-8"?>
<testsuite name="ComputerRepairRequestTest" tests="2" skipped="0" failures="0" errors="0" timestamp="2025-03-07T10:49:24" hostname="DESKTOP-ONAQNN5" time="0.07">
  <properties/>
  <testcase name="First test" classname="ComputerRepairRequestTest" time="0.053"/>
  <testcase name="Second test" classname="ComputerRepairRequestTest" time="0.004"/>
  <system-out><![CDATA[]]></system-out>
  <system-err><![CDATA[]]></system-err>
</testsuite>
